{"synthetic": false,
 "outputs":
 {"o": ["6854770960944411578"],
  "i": "1451246818456617323",
  "c": "655477459125412944"},
 "log":
 [{"message":
   ".> LEAN_PATH=/Users/emalam/Documents/GitHub/chen_q3/spectral_twin_primes/lean_aristotle/TwinPrimeProject/.lake/packages/Cli/.lake/build/lib/lean:/Users/emalam/Documents/GitHub/chen_q3/spectral_twin_primes/lean_aristotle/TwinPrimeProject/.lake/packages/batteries/.lake/build/lib/lean:/Users/emalam/Documents/GitHub/chen_q3/spectral_twin_primes/lean_aristotle/TwinPrimeProject/.lake/packages/Qq/.lake/build/lib/lean:/Users/emalam/Documents/GitHub/chen_q3/spectral_twin_primes/lean_aristotle/TwinPrimeProject/.lake/packages/aesop/.lake/build/lib/lean:/Users/emalam/Documents/GitHub/chen_q3/spectral_twin_primes/lean_aristotle/TwinPrimeProject/.lake/packages/proofwidgets/.lake/build/lib/lean:/Users/emalam/Documents/GitHub/chen_q3/spectral_twin_primes/lean_aristotle/TwinPrimeProject/.lake/packages/importGraph/.lake/build/lib/lean:/Users/emalam/Documents/GitHub/chen_q3/spectral_twin_primes/lean_aristotle/TwinPrimeProject/.lake/packages/LeanSearchClient/.lake/build/lib/lean:/Users/emalam/Documents/GitHub/chen_q3/spectral_twin_primes/lean_aristotle/TwinPrimeProject/.lake/packages/plausible/.lake/build/lib/lean:/Users/emalam/Documents/GitHub/chen_q3/spectral_twin_primes/lean_aristotle/TwinPrimeProject/.lake/packages/mathlib/.lake/build/lib/lean:/Users/emalam/Documents/GitHub/chen_q3/spectral_twin_primes/lean_aristotle/TwinPrimeProject/.lake/build/lib/lean /Users/emalam/.elan/toolchains/leanprover--lean4---v4.24.0/bin/lean /Users/emalam/Documents/GitHub/chen_q3/spectral_twin_primes/lean_aristotle/TwinPrimeProject/TwinPrimeConjecture.lean -o /Users/emalam/Documents/GitHub/chen_q3/spectral_twin_primes/lean_aristotle/TwinPrimeProject/.lake/build/lib/lean/TwinPrimeConjecture.olean -i /Users/emalam/Documents/GitHub/chen_q3/spectral_twin_primes/lean_aristotle/TwinPrimeProject/.lake/build/lib/lean/TwinPrimeConjecture.ilean -c /Users/emalam/Documents/GitHub/chen_q3/spectral_twin_primes/lean_aristotle/TwinPrimeProject/.lake/build/ir/TwinPrimeConjecture.c --setup /Users/emalam/Documents/GitHub/chen_q3/spectral_twin_primes/lean_aristotle/TwinPrimeProject/.lake/build/ir/TwinPrimeConjecture.setup.json --json",
   "level": "trace"},
  {"message":
   "TwinPrimeConjecture.lean:124:58: unused variable `ht`\n\nNote: This linter can be disabled with `set_option linter.unusedVariables false`",
   "level": "warning"},
  {"message": "TwinPrimeConjecture.lean:138:8: declaration uses 'sorry'",
   "level": "warning"},
  {"message":
   "TwinPrimeConjecture.lean:152:34: unused variable `hC`\n\nNote: This linter can be disabled with `set_option linter.unusedVariables false`",
   "level": "warning"},
  {"message":
   "TwinPrimeConjecture.lean:190:17: unused variable `ht`\n\nNote: This linter can be disabled with `set_option linter.unusedVariables false`",
   "level": "warning"},
  {"message":
   "TwinPrimeConjecture.lean:190:30: unused variable `hD`\n\nNote: This linter can be disabled with `set_option linter.unusedVariables false`",
   "level": "warning"},
  {"message":
   "TwinPrimeConjecture.lean:191:17: unused variable `hf_norm`\n\nNote: This linter can be disabled with `set_option linter.unusedVariables false`",
   "level": "warning"},
  {"message":
   "TwinPrimeConjecture.lean:193:5: unused variable `h_repro`\n\nNote: This linter can be disabled with `set_option linter.unusedVariables false`",
   "level": "warning"},
  {"message": "TwinPrimeConjecture.lean:224:8: declaration uses 'sorry'",
   "level": "warning"},
  {"message": "TwinPrimeConjecture.lean:228:8: declaration uses 'sorry'",
   "level": "warning"},
  {"message": "TwinPrimeConjecture.lean:232:6: declaration uses 'sorry'",
   "level": "warning"},
  {"message": "TwinPrimeConjecture.lean:237:8: declaration uses 'sorry'",
   "level": "warning"},
  {"message": "TwinPrimeConjecture.lean:243:8: declaration uses 'sorry'",
   "level": "warning"},
  {"message": "TwinPrimeConjecture.lean:250:8: declaration uses 'sorry'",
   "level": "warning"},
  {"message":
   "TwinPrimeConjecture.lean:265:57: Try this:\n  ring_nf\n  \n  The `ring` tactic failed to close the goal. Use `ring_nf` to obtain a normal form.\n    \n  Note that `ring` works primarily in *commutative* rings. If you have a noncommutative ring, abelian group or module, consider using `noncomm_ring`, `abel` or `module` instead.",
   "level": "info"},
  {"message":
   "TwinPrimeConjecture.lean:269:23: aesop: failed to prove the goal after exhaustive search.",
   "level": "warning"},
  {"message": "TwinPrimeConjecture.lean:276:8: declaration uses 'sorry'",
   "level": "warning"},
  {"message": "TwinPrimeConjecture.lean:284:8: declaration uses 'sorry'",
   "level": "warning"},
  {"message": "TwinPrimeConjecture.lean:293:8: declaration uses 'sorry'",
   "level": "warning"},
  {"message": "TwinPrimeConjecture.lean:328:8: declaration uses 'sorry'",
   "level": "warning"},
  {"message": "TwinPrimeConjecture.lean:338:8: declaration uses 'sorry'",
   "level": "warning"}],
 "inputs":
 [["TwinPrimeConjecture:deps",
   [["deps",
     [["TwinPrimeProject/TwinPrimeConjecture:extraDep",
       [["@TwinPrimeProject:extraDep", "1723"]]],
      ["imports",
       [["Mathlib transitive imports (legacy)", "6547561361995848057"],
        ["Mathlib:importAllArts", "952277917019202149"]]]]],
    ["libs",
     [["import dynlibs", "1723"],
      ["package external libraries", "1723"],
      ["module dynlibs", "1723"],
      ["module plugins", "1723"]]]]],
  ["Lean 4.24.0, commit 797c613eb9b6d4ec95db23e3e00af9ac6657f24b",
   "1165570713881806064"],
  ["/Users/emalam/Documents/GitHub/chen_q3/spectral_twin_primes/lean_aristotle/TwinPrimeProject/TwinPrimeConjecture.lean",
   "17741845927633247293"],
  ["options", "1723"],
  ["Module.leanArgs: #[]", "1723"]],
 "depHash": "7430771687160226636"}