{"synthetic": false,
 "outputs":
 {"o": ["15841270404791923748"],
  "i": "9065370262161960621",
  "c": "5621754127873541217"},
 "log":
 [{"message":
   ".> LEAN_PATH=/Users/emalam/Documents/GitHub/chen_q3/full/q3.lean.aristotle/.lake/packages/Cli/.lake/build/lib/lean:/Users/emalam/Documents/GitHub/chen_q3/full/q3.lean.aristotle/.lake/packages/batteries/.lake/build/lib/lean:/Users/emalam/Documents/GitHub/chen_q3/full/q3.lean.aristotle/.lake/packages/Qq/.lake/build/lib/lean:/Users/emalam/Documents/GitHub/chen_q3/full/q3.lean.aristotle/.lake/packages/aesop/.lake/build/lib/lean:/Users/emalam/Documents/GitHub/chen_q3/full/q3.lean.aristotle/.lake/packages/proofwidgets/.lake/build/lib/lean:/Users/emalam/Documents/GitHub/chen_q3/full/q3.lean.aristotle/.lake/packages/importGraph/.lake/build/lib/lean:/Users/emalam/Documents/GitHub/chen_q3/full/q3.lean.aristotle/.lake/packages/LeanSearchClient/.lake/build/lib/lean:/Users/emalam/Documents/GitHub/chen_q3/full/q3.lean.aristotle/.lake/packages/plausible/.lake/build/lib/lean:/Users/emalam/Documents/GitHub/chen_q3/full/q3.lean.aristotle/.lake/packages/mathlib/.lake/build/lib/lean:/Users/emalam/Documents/GitHub/chen_q3/full/q3.lean.aristotle/.lake/build/lib/lean /Users/emalam/.elan/toolchains/leanprover--lean4---v4.24.0/bin/lean /Users/emalam/Documents/GitHub/chen_q3/full/q3.lean.aristotle/Q3/Atoms_Positive.lean -o /Users/emalam/Documents/GitHub/chen_q3/full/q3.lean.aristotle/.lake/build/lib/lean/Q3/Atoms_Positive.olean -i /Users/emalam/Documents/GitHub/chen_q3/full/q3.lean.aristotle/.lake/build/lib/lean/Q3/Atoms_Positive.ilean -c /Users/emalam/Documents/GitHub/chen_q3/full/q3.lean.aristotle/.lake/build/ir/Q3/Atoms_Positive.c --setup /Users/emalam/Documents/GitHub/chen_q3/full/q3.lean.aristotle/.lake/build/ir/Q3/Atoms_Positive.setup.json --json",
   "level": "trace"}],
 "inputs":
 [["Q3.Atoms_Positive:deps",
   [["deps",
     [["q3_lean_aristotle/Q3:extraDep",
       [["@q3_lean_aristotle:extraDep", "1723"]]],
      ["imports",
       [["Q3.Axioms transitive imports (legacy)", "6009552673086455821"],
        ["Q3.Axioms:importAllArts", "16951427696024661926"]]]]],
    ["libs",
     [["import dynlibs", "1723"],
      ["package external libraries", "1723"],
      ["module dynlibs", "1723"],
      ["module plugins", "1723"]]]]],
  ["Lean 4.24.0, commit 797c613eb9b6d4ec95db23e3e00af9ac6657f24b",
   "1165570713881806064"],
  ["/Users/emalam/Documents/GitHub/chen_q3/full/q3.lean.aristotle/Q3/Atoms_Positive.lean",
   "8131286501464501667"],
  ["options", "1723"],
  ["Module.leanArgs: #[]", "1723"]],
 "depHash": "1461124904277686933"}