{"synthetic": false,
 "outputs":
 {"o": ["5775665476943951637"],
  "i": "7007689101061269600",
  "c": "207094815082547807"},
 "log":
 [{"message":
   ".> LEAN_PATH=/Users/emalam/Documents/GitHub/chen_q3/full/q3.lean.aristotle/.lake/packages/Cli/.lake/build/lib/lean:/Users/emalam/Documents/GitHub/chen_q3/full/q3.lean.aristotle/.lake/packages/batteries/.lake/build/lib/lean:/Users/emalam/Documents/GitHub/chen_q3/full/q3.lean.aristotle/.lake/packages/Qq/.lake/build/lib/lean:/Users/emalam/Documents/GitHub/chen_q3/full/q3.lean.aristotle/.lake/packages/aesop/.lake/build/lib/lean:/Users/emalam/Documents/GitHub/chen_q3/full/q3.lean.aristotle/.lake/packages/proofwidgets/.lake/build/lib/lean:/Users/emalam/Documents/GitHub/chen_q3/full/q3.lean.aristotle/.lake/packages/importGraph/.lake/build/lib/lean:/Users/emalam/Documents/GitHub/chen_q3/full/q3.lean.aristotle/.lake/packages/LeanSearchClient/.lake/build/lib/lean:/Users/emalam/Documents/GitHub/chen_q3/full/q3.lean.aristotle/.lake/packages/plausible/.lake/build/lib/lean:/Users/emalam/Documents/GitHub/chen_q3/full/q3.lean.aristotle/.lake/packages/mathlib/.lake/build/lib/lean:/Users/emalam/Documents/GitHub/chen_q3/full/q3.lean.aristotle/.lake/build/lib/lean /Users/emalam/.elan/toolchains/leanprover--lean4---v4.24.0/bin/lean /Users/emalam/Documents/GitHub/chen_q3/full/q3.lean.aristotle/Q3/A3_Bridge.lean -o /Users/emalam/Documents/GitHub/chen_q3/full/q3.lean.aristotle/.lake/build/lib/lean/Q3/A3_Bridge.olean -i /Users/emalam/Documents/GitHub/chen_q3/full/q3.lean.aristotle/.lake/build/lib/lean/Q3/A3_Bridge.ilean -c /Users/emalam/Documents/GitHub/chen_q3/full/q3.lean.aristotle/.lake/build/ir/Q3/A3_Bridge.c --setup /Users/emalam/Documents/GitHub/chen_q3/full/q3.lean.aristotle/.lake/build/ir/Q3/A3_Bridge.setup.json --json",
   "level": "trace"}],
 "inputs":
 [["Q3.A3_Bridge:deps",
   [["deps",
     [["q3_lean_aristotle/Q3:extraDep",
       [["@q3_lean_aristotle:extraDep", "1723"]]],
      ["imports",
       [["Mathlib transitive imports (legacy)", "5762515578014619288"],
        ["Mathlib:importAllArts", "952277917019202149"],
        ["Q3.Basic.Defs transitive imports (legacy)", "3222527227335557320"],
        ["Q3.Basic.Defs:importAllArts", "1064684851741252632"],
        ["Q3.Axioms transitive imports (legacy)", "1851926313973791196"],
        ["Q3.Axioms:importAllArts", "14485622077018748003"]]]]],
    ["libs",
     [["import dynlibs", "1723"],
      ["package external libraries", "1723"],
      ["module dynlibs", "1723"],
      ["module plugins", "1723"]]]]],
  ["Lean 4.24.0, commit 797c613eb9b6d4ec95db23e3e00af9ac6657f24b",
   "1165570713881806064"],
  ["/Users/emalam/Documents/GitHub/chen_q3/full/q3.lean.aristotle/Q3/A3_Bridge.lean",
   "2368442460731381006"],
  ["options", "1723"],
  ["Module.leanArgs: #[]", "1723"]],
 "depHash": "697153725556496878"}