{"synthetic": false,
 "outputs":
 {"o": ["15885520186872224100"],
  "i": "9001693899930248210",
  "c": "3077003938073154014"},
 "log":
 [{"message":
   ".> LEAN_PATH=/Users/emalam/Documents/GitHub/chen_q3/full/q3.lean.aristotle/.lake/packages/Cli/.lake/build/lib/lean:/Users/emalam/Documents/GitHub/chen_q3/full/q3.lean.aristotle/.lake/packages/batteries/.lake/build/lib/lean:/Users/emalam/Documents/GitHub/chen_q3/full/q3.lean.aristotle/.lake/packages/Qq/.lake/build/lib/lean:/Users/emalam/Documents/GitHub/chen_q3/full/q3.lean.aristotle/.lake/packages/aesop/.lake/build/lib/lean:/Users/emalam/Documents/GitHub/chen_q3/full/q3.lean.aristotle/.lake/packages/proofwidgets/.lake/build/lib/lean:/Users/emalam/Documents/GitHub/chen_q3/full/q3.lean.aristotle/.lake/packages/importGraph/.lake/build/lib/lean:/Users/emalam/Documents/GitHub/chen_q3/full/q3.lean.aristotle/.lake/packages/LeanSearchClient/.lake/build/lib/lean:/Users/emalam/Documents/GitHub/chen_q3/full/q3.lean.aristotle/.lake/packages/plausible/.lake/build/lib/lean:/Users/emalam/Documents/GitHub/chen_q3/full/q3.lean.aristotle/.lake/packages/mathlib/.lake/build/lib/lean:/Users/emalam/Documents/GitHub/chen_q3/full/q3.lean.aristotle/.lake/build/lib/lean /Users/emalam/.elan/toolchains/leanprover--lean4---v4.24.0/bin/lean /Users/emalam/Documents/GitHub/chen_q3/full/q3.lean.aristotle/Q3/Main.lean -o /Users/emalam/Documents/GitHub/chen_q3/full/q3.lean.aristotle/.lake/build/lib/lean/Q3/Main.olean -i /Users/emalam/Documents/GitHub/chen_q3/full/q3.lean.aristotle/.lake/build/lib/lean/Q3/Main.ilean -c /Users/emalam/Documents/GitHub/chen_q3/full/q3.lean.aristotle/.lake/build/ir/Q3/Main.c --setup /Users/emalam/Documents/GitHub/chen_q3/full/q3.lean.aristotle/.lake/build/ir/Q3/Main.setup.json --json",
   "level": "trace"},
  {"message": "Q3/Main.lean:186:0: Q3.Main.RH_of_Weil_and_Q3 : RH",
   "level": "info"}],
 "inputs":
 [["Q3.Main:deps",
   [["deps",
     [["q3_lean_aristotle/Q3:extraDep",
       [["@q3_lean_aristotle:extraDep", "1723"]]],
      ["imports",
       [["Q3.Basic.Defs transitive imports (legacy)", "3222527227335557320"],
        ["Q3.Basic.Defs:importAllArts", "1064684851741252632"],
        ["Q3.Axioms transitive imports (legacy)", "1851926313973791196"],
        ["Q3.Axioms:importAllArts", "14485622077018748003"],
        ["Q3.A1_Density transitive imports (legacy)", "10320157553316117200"],
        ["Q3.A1_Density:importAllArts", "5133218026885779124"],
        ["Q3.RKHS_Contraction transitive imports (legacy)",
         "10320157553316117200"],
        ["Q3.RKHS_Contraction:importAllArts", "4785524239237548115"],
        ["Q3.A3_Bridge transitive imports (legacy)", "17780824294065630007"],
        ["Q3.A3_Bridge:importAllArts", "9698591678740017724"],
        ["Q3.T5_Transfer transitive imports (legacy)", "18171524586798334756"],
        ["Q3.T5_Transfer:importAllArts", "8444008526481059472"]]]]],
    ["libs",
     [["import dynlibs", "1723"],
      ["package external libraries", "1723"],
      ["module dynlibs", "1723"],
      ["module plugins", "1723"]]]]],
  ["Lean 4.24.0, commit 797c613eb9b6d4ec95db23e3e00af9ac6657f24b",
   "1165570713881806064"],
  ["/Users/emalam/Documents/GitHub/chen_q3/full/q3.lean.aristotle/Q3/Main.lean",
   "8652246402604540635"],
  ["options", "1723"],
  ["Module.leanArgs: #[]", "1723"]],
 "depHash": "12433190262738654881"}