{"synthetic": false,
 "outputs":
 {"o": ["17639821935716473138"],
  "i": "18359965084982717509",
  "c": "13078740467319488963"},
 "log":
 [{"message":
   ".> LEAN_PATH=/Users/emalam/Documents/GitHub/chen_q3/full/q3.lean.aristotle/.lake/packages/Cli/.lake/build/lib/lean:/Users/emalam/Documents/GitHub/chen_q3/full/q3.lean.aristotle/.lake/packages/batteries/.lake/build/lib/lean:/Users/emalam/Documents/GitHub/chen_q3/full/q3.lean.aristotle/.lake/packages/Qq/.lake/build/lib/lean:/Users/emalam/Documents/GitHub/chen_q3/full/q3.lean.aristotle/.lake/packages/aesop/.lake/build/lib/lean:/Users/emalam/Documents/GitHub/chen_q3/full/q3.lean.aristotle/.lake/packages/proofwidgets/.lake/build/lib/lean:/Users/emalam/Documents/GitHub/chen_q3/full/q3.lean.aristotle/.lake/packages/importGraph/.lake/build/lib/lean:/Users/emalam/Documents/GitHub/chen_q3/full/q3.lean.aristotle/.lake/packages/LeanSearchClient/.lake/build/lib/lean:/Users/emalam/Documents/GitHub/chen_q3/full/q3.lean.aristotle/.lake/packages/plausible/.lake/build/lib/lean:/Users/emalam/Documents/GitHub/chen_q3/full/q3.lean.aristotle/.lake/packages/mathlib/.lake/build/lib/lean:/Users/emalam/Documents/GitHub/chen_q3/full/q3.lean.aristotle/.lake/build/lib/lean /Users/emalam/.elan/toolchains/leanprover--lean4---v4.24.0/bin/lean /Users/emalam/Documents/GitHub/chen_q3/full/q3.lean.aristotle/Q3/T5_Transfer.lean -o /Users/emalam/Documents/GitHub/chen_q3/full/q3.lean.aristotle/.lake/build/lib/lean/Q3/T5_Transfer.olean -i /Users/emalam/Documents/GitHub/chen_q3/full/q3.lean.aristotle/.lake/build/lib/lean/Q3/T5_Transfer.ilean -c /Users/emalam/Documents/GitHub/chen_q3/full/q3.lean.aristotle/.lake/build/ir/Q3/T5_Transfer.c --setup /Users/emalam/Documents/GitHub/chen_q3/full/q3.lean.aristotle/.lake/build/ir/Q3/T5_Transfer.setup.json --json",
   "level": "trace"}],
 "inputs":
 [["Q3.T5_Transfer:deps",
   [["deps",
     [["q3_lean_aristotle/Q3:extraDep",
       [["@q3_lean_aristotle:extraDep", "1723"]]],
      ["imports",
       [["Q3.Basic.Defs transitive imports (legacy)", "3222527227335557320"],
        ["Q3.Basic.Defs:importAllArts", "1064684851741252632"],
        ["Q3.Axioms transitive imports (legacy)", "1851926313973791196"],
        ["Q3.Axioms:importAllArts", "14485622077018748003"],
        ["Q3.Atoms_Positive transitive imports (legacy)",
         "7257962556552253659"],
        ["Q3.Atoms_Positive:importAllArts", "10717270793204489143"]]]]],
    ["libs",
     [["import dynlibs", "1723"],
      ["package external libraries", "1723"],
      ["module dynlibs", "1723"],
      ["module plugins", "1723"]]]]],
  ["Lean 4.24.0, commit 797c613eb9b6d4ec95db23e3e00af9ac6657f24b",
   "1165570713881806064"],
  ["/Users/emalam/Documents/GitHub/chen_q3/full/q3.lean.aristotle/Q3/T5_Transfer.lean",
   "7628489089017730488"],
  ["options", "1723"],
  ["Module.leanArgs: #[]", "1723"]],
 "depHash": "8958619551057703611"}